<?xml version="1.0" encoding="UTF-8"?>
<!-- Generated by org.testng.reporters.JUnitXMLReporter -->
<testsuite hostname="Parth" ignored="0" name="Bank Test" tests="1" failures="1" timestamp="2023-07-19T15:14:47 BST" time="0.907" errors="0">
  <testcase name="verifyJobSearchResultUsingDifferentDataSet" time="0.043" classname="uk.co.library.testsuite.JobSearchTest">
    <failure type="org.testng.internal.reflect.MethodMatcherException" message="
[public void uk.co.library.testsuite.JobSearchTest.verifyJobSearchResultUsingDifferentDataSet(java.lang.String,java.lang.String,java.lang.String,java.lang.String,java.lang.String,java.lang.String,java.lang.String)] has no parameters defined but was found to be using a data provider (either explicitly specified or inherited from class level annotation).
Data provider mismatch
Method: verifyJobSearchResultUsingDifferentDataSet([Parameter{index=0, type=java.lang.String, declaredAnnotations=[]}, Parameter{index=1, type=java.lang.String, declaredAnnotations=[]}, Parameter{index=2, type=java.lang.String, declaredAnnotations=[]}, Parameter{index=3, type=java.lang.String, declaredAnnotations=[]}, Parameter{index=4, type=java.lang.String, declaredAnnotations=[]}, Parameter{index=5, type=java.lang.String, declaredAnnotations=[]}, Parameter{index=6, type=java.lang.String, declaredAnnotations=[]}])
Arguments: [(java.lang.String) Tester,(java.lang.String) Harrow, Greater London,(java.lang.String) 5,(java.lang.String) 30000,(java.lang.String) 500000,(java.lang.String) Per annum,(java.lang.String) Permanent,(java.lang.String) Permanent Tester jobs in Harrow on the Hill]">
      <![CDATA[org.testng.internal.reflect.MethodMatcherException: 
[public void uk.co.library.testsuite.JobSearchTest.verifyJobSearchResultUsingDifferentDataSet(java.lang.String,java.lang.String,java.lang.String,java.lang.String,java.lang.String,java.lang.String,java.lang.String)] has no parameters defined but was found to be using a data provider (either explicitly specified or inherited from class level annotation).
Data provider mismatch
Method: verifyJobSearchResultUsingDifferentDataSet([Parameter{index=0, type=java.lang.String, declaredAnnotations=[]}, Parameter{index=1, type=java.lang.String, declaredAnnotations=[]}, Parameter{index=2, type=java.lang.String, declaredAnnotations=[]}, Parameter{index=3, type=java.lang.String, declaredAnnotations=[]}, Parameter{index=4, type=java.lang.String, declaredAnnotations=[]}, Parameter{index=5, type=java.lang.String, declaredAnnotations=[]}, Parameter{index=6, type=java.lang.String, declaredAnnotations=[]}])
Arguments: [(java.lang.String) Tester,(java.lang.String) Harrow, Greater London,(java.lang.String) 5,(java.lang.String) 30000,(java.lang.String) 500000,(java.lang.String) Per annum,(java.lang.String) Permanent,(java.lang.String) Permanent Tester jobs in Harrow on the Hill]
at java.util.ArrayList.forEach(ArrayList.java:1249)
at com.intellij.rt.testng.IDEARemoteTestNG.run(IDEARemoteTestNG.java:66)
at com.intellij.rt.testng.RemoteTestNGStarter.main(RemoteTestNGStarter.java:105)
... Removed 19 stack frames]]>
    </failure>
  </testcase> <!-- verifyJobSearchResultUsingDifferentDataSet -->
</testsuite> <!-- Bank Test -->
